<?xml version="1.0" encoding="UTF-8" ?>
<testsuite errors="0" failures="1" hostname="drod2169" name="testapp.StoreTests" tests="1" time="0.226" timestamp="2013-04-22T22:07:09">
  <properties />
  <testcase classname="testapp.StoreTests" name="testSomething" time="0.078">
    <failure message="junit.framework.AssertionFailedError: Implement me" type="junit.framework.AssertionFailedError">junit.framework.AssertionFailedError: junit.framework.AssertionFailedError: Implement me
	at testapp.StoreTests.testSomething(StoreTests.groovy:15)
</failure>
  </testcase>
  <system-out><![CDATA[--Output from testSomething--
]]></system-out>
  <system-err><![CDATA[--Output from testSomething--
]]></system-err>
</testsuite>
