<?xml version="1.0" encoding="UTF-8" ?>
<testsuite errors="0" failures="1" hostname="drod2169" name="testapp.ShoppingCartTests" tests="1" time="0.228" timestamp="2013-04-06T17:56:11">
  <properties />
  <testcase classname="testapp.ShoppingCartTests" name="testSomething" time="0.094">
    <failure message="junit.framework.AssertionFailedError: Implement me" type="junit.framework.AssertionFailedError">junit.framework.AssertionFailedError: junit.framework.AssertionFailedError: Implement me
	at testapp.ShoppingCartTests.testSomething(ShoppingCartTests.groovy:15)
</failure>
  </testcase>
  <system-out><![CDATA[--Output from testSomething--
]]></system-out>
  <system-err><![CDATA[--Output from testSomething--
]]></system-err>
</testsuite>
