<?xml version="1.0" encoding="UTF-8" ?>
<testsuite errors="0" failures="1" hostname="drod2169" name="testapp.SongTests" tests="1" time="0.123" timestamp="2013-04-22T22:07:14">
  <properties />
  <testcase classname="testapp.SongTests" name="testSomething" time="0.123">
    <failure message="junit.framework.AssertionFailedError: Implement me" type="junit.framework.AssertionFailedError">junit.framework.AssertionFailedError: junit.framework.AssertionFailedError: Implement me
	at testapp.SongTests.testSomething(SongTests.groovy:15)
</failure>
  </testcase>
  <system-out><![CDATA[--Output from testSomething--
]]></system-out>
  <system-err><![CDATA[--Output from testSomething--
]]></system-err>
</testsuite>
