<?xml version="1.0" encoding="UTF-8" ?>
<testsuite errors="0" failures="0" hostname="drod2169" name="testapp.UserTests" tests="1" time="0.3" timestamp="2013-04-22T22:07:11">
  <properties />
  <testcase classname="testapp.UserTests" name="testUserRegister" time="0.153" />
  <system-out><![CDATA[--Output from testUserRegister--
]]></system-out>
  <system-err><![CDATA[--Output from testUserRegister--
]]></system-err>
</testsuite>
